[2026-03-14T12:32:09.154Z] Backend starting...
[2026-03-14T12:32:14.633Z] Connecting to database...
[2026-03-14T12:32:14.643Z] 🌐 Attempting to connect to MongoDB Cloud (Atlas)...
[2026-03-14T12:32:14.932Z] Middleware setup...
[2026-03-14T12:32:51.779Z] Backend starting...
[2026-03-14T12:32:52.843Z] Backend starting...
[2026-03-14T12:32:54.311Z] Connecting to database...
[2026-03-14T12:32:54.352Z] 🌐 Attempting to connect to MongoDB Cloud (Atlas)...
[2026-03-14T12:32:54.636Z] Middleware setup...
[2026-03-14T12:33:01.980Z] Attempting to listen on port 5001...
[2026-03-14T12:33:02.047Z] Server running on port 5001
[2026-03-14T12:33:02.060Z] Environment: development
[2026-03-14T12:33:02.141Z] 🏠 Attempting fallback to Local MongoDB...
[2026-03-14T12:33:02.394Z] ✅ MongoDB Connected Locally: 127.0.0.1
[2026-03-14T12:40:26.292Z] Backend starting...
[2026-03-14T12:40:28.844Z] Connecting to database...
[2026-03-14T12:40:29.091Z] 🌐 Attempting to connect to MongoDB Cloud (Atlas)...
[2026-03-14T12:40:29.518Z] Middleware setup...
[2026-03-14T12:40:32.142Z] Attempting to listen on port 5001...
[2026-03-14T12:40:32.298Z] Server running on port 5001
[2026-03-14T12:40:32.324Z] Environment: development
[2026-03-14T12:40:33.095Z] ✅ MongoDB Connected to Cloud: ac-p4yzasa-shard-00-00.sa7jva1.mongodb.net
[2026-03-14T12:49:03.108Z] Backend starting...
[2026-03-14T12:49:11.792Z] Connecting to database...
[2026-03-14T12:49:11.884Z] 🌐 Attempting to connect to MongoDB Cloud (Atlas)...
[2026-03-14T12:49:12.787Z] Middleware setup...
[2026-03-14T12:49:17.085Z] Attempting to listen on port 5001...
[2026-03-14T12:49:17.133Z] Server running on port 5001
[2026-03-14T12:49:17.138Z] Environment: development
[2026-03-14T12:49:18.417Z] ✅ MongoDB Connected to Cloud: ac-p4yzasa-shard-00-00.sa7jva1.mongodb.net
[2026-03-14T14:21:00.995Z] Backend starting...
[2026-03-14T14:21:10.841Z] Connecting to database...
[2026-03-14T14:21:10.896Z] 🌐 Attempting to connect to MongoDB Cloud (Atlas)...
[2026-03-14T14:21:12.278Z] Middleware setup...
[2026-03-14T14:23:00.753Z] Backend starting...
[2026-03-14T14:23:04.891Z] Backend starting...
[2026-03-14T14:23:09.975Z] Connecting to database...
[2026-03-14T14:23:10.067Z] 🌐 Attempting to connect to MongoDB Cloud (Atlas)...
[2026-03-14T14:23:11.365Z] Middleware setup...
[2026-03-14T14:29:39.122Z] Backend starting...
[2026-03-14T14:29:50.287Z] Connecting to database...
[2026-03-14T14:29:50.427Z] 🌐 Attempting to connect to MongoDB Cloud (Atlas)...
[2026-03-14T14:29:51.239Z] Middleware setup...
[2026-03-14T14:30:01.633Z] Attempting to listen on port 5001...
[2026-03-14T14:30:01.676Z] Server running on port 5001
[2026-03-14T14:30:01.683Z] Environment: development
[2026-03-14T14:30:01.748Z] 🏠 Attempting fallback to Local MongoDB...
[2026-03-14T14:30:01.974Z] ✅ MongoDB Connected Locally: 127.0.0.1
[2026-03-14T14:59:08.638Z] Backend starting...
[2026-03-14T14:59:14.884Z] Connecting to database...
[2026-03-14T14:59:14.890Z] 🌐 Attempting to connect to MongoDB Cloud (Atlas)...
[2026-03-14T14:59:16.164Z] Middleware setup...
[2026-03-14T14:59:21.776Z] Attempting to listen on port 5001...
[2026-03-14T14:59:21.788Z] Server running on port 5001
[2026-03-14T14:59:21.806Z] Environment: development
[2026-03-14T14:59:21.984Z] 🏠 Attempting fallback to Local MongoDB...
[2026-03-14T14:59:22.303Z] ✅ MongoDB Connected Locally: 127.0.0.1
[2026-03-14T15:25:54.891Z] Backend starting...
[2026-03-14T15:26:02.435Z] Connecting to database...
[2026-03-14T15:26:02.499Z] 🌐 Attempting to connect to MongoDB Cloud (Atlas)...
[2026-03-14T15:26:03.961Z] Middleware setup...
[2026-03-14T15:26:11.699Z] Attempting to listen on port 5001...
[2026-03-14T15:26:11.749Z] Server running on port 5001
[2026-03-14T15:26:11.762Z] Environment: development
[2026-03-14T15:26:12.706Z] ✅ MongoDB Connected to Cloud: ac-p4yzasa-shard-00-00.sa7jva1.mongodb.net
